14:37:16 **** Incremental Build of configuration Nios II for project hwsw_soft ****
make all 
Info: Building ../hwsw_soft_bsp/
C:/intelFPGA_lite/16.1/nios2eds/bin/gnu/H-x86_64-mingw32/bin/make --no-print-directory -C ../hwsw_soft_bsp/
[BSP build complete]
Info: Linking hwsw_soft.elf
nios2-elf-g++  -T'../hwsw_soft_bsp//linker.x' -msys-crt0='../hwsw_soft_bsp//obj/HAL/src/crt0.o' -msys-lib=hal_bsp -L../hwsw_soft_bsp/   -Wl,-Map=hwsw_soft.map   -O0 -g -Wall   -mno-hw-div -mhw-mul -mno-hw-mulx -mgpopt=global  -o hwsw_soft.elf obj/default/hello_world.o -lm -msys-lib=m
nios2-elf-insert hwsw_soft.elf --thread_model hal --cpu_name nios2_qsys_0 --qsys true --simulation_enabled false --stderr_dev jtag_uart_0 --stdin_dev jtag_uart_0 --stdout_dev jtag_uart_0 --sopc_system_name nios --quartus_project_dir "Z:/repos/HWSW/project" --jdi Z:/repos/HWSW/project/software/hwsw_soft_bsp/../../HWSW_project.jdi --sopcinfo Z:/repos/HWSW/project/software/hwsw_soft_bsp/../../nios.sopcinfo
Info: (hwsw_soft.elf) 31 KBytes program size (code + initialized data).
Info:                 25 KBytes free for stack + heap.
Info: Creating hwsw_soft.objdump
nios2-elf-objdump --disassemble --syms --all-header --source hwsw_soft.elf >hwsw_soft.objdump
[hwsw_soft build complete]
14:37:36 **** Build of configuration Nios II for project hwsw_soft ****
make all 
Info: Building ../hwsw_soft_bsp/
C:/intelFPGA_lite/16.1/nios2eds/bin/gnu/H-x86_64-mingw32/bin/make --no-print-directory -C ../hwsw_soft_bsp/
[BSP build complete]
[hwsw_soft build complete]
14:37:45 **** Incremental Build of configuration Nios II for project hwsw_soft ****
make all 
Info: Building ../hwsw_soft_bsp/
C:/intelFPGA_lite/16.1/nios2eds/bin/gnu/H-x86_64-mingw32/bin/make --no-print-directory -C ../hwsw_soft_bsp/
[BSP build complete]
[hwsw_soft build complete]
