13:59:53 **** Incremental Build of configuration Nios II for project software_new ****
make all 
Info: Building ../software_new_bsp/
C:/intelFPGA_lite/16.1/nios2eds/bin/gnu/H-x86_64-mingw32/bin/make --no-print-directory -C ../software_new_bsp/
[BSP build complete]
[software_new build complete]
13:59:58 **** Build of configuration Nios II for project software_new ****
make all 
Info: Building ../software_new_bsp/
C:/intelFPGA_lite/16.1/nios2eds/bin/gnu/H-x86_64-mingw32/bin/make --no-print-directory -C ../software_new_bsp/
[BSP build complete]
[software_new build complete]
14:00:37 **** Incremental Build of configuration Nios II for project software_new ****
make all 
Info: Building ../software_new_bsp/
C:/intelFPGA_lite/16.1/nios2eds/bin/gnu/H-x86_64-mingw32/bin/make --no-print-directory -C ../software_new_bsp/
[BSP build complete]
[software_new build complete]
14:00:53 **** Build of configuration Nios II for project software_new ****
make all 
Info: Building ../software_new_bsp/
C:/intelFPGA_lite/16.1/nios2eds/bin/gnu/H-x86_64-mingw32/bin/make --no-print-directory -C ../software_new_bsp/
[BSP build complete]
[software_new build complete]
14:00:56 **** Incremental Build of configuration Nios II for project software_new ****
make all 
Info: Building ../software_new_bsp/
C:/intelFPGA_lite/16.1/nios2eds/bin/gnu/H-x86_64-mingw32/bin/make --no-print-directory -C ../software_new_bsp/
[BSP build complete]
[software_new build complete]
14:01:37 **** Incremental Build of configuration Nios II for project hwsw_project ****
make all 
Info: Building ../hwsw_project_bsp/
C:/intelFPGA_lite/16.1/nios2eds/bin/gnu/H-x86_64-mingw32/bin/make --no-print-directory -C ../hwsw_project_bsp/
[BSP build complete]
[hwsw_project build complete]
14:02:52 **** Incremental Build of configuration Nios II for project hwsw_project ****
make all 
Info: Building ../hwsw_project_bsp/
C:/intelFPGA_lite/16.1/nios2eds/bin/gnu/H-x86_64-mingw32/bin/make --no-print-directory -C ../hwsw_project_bsp/
[BSP build complete]
[hwsw_project build complete]
