Info: Starting: Create block symbol file (.bsf)
Info: qsys-generate Z:\repos\HWSW\project\nios.qsys --block-symbol-file --output-directory=Z:\repos\HWSW\project\nios --family="Cyclone V" --part=5CSEMA5F31C6
Progress: Loading project/nios.qsys
Progress: Reading input file
Progress: Adding clk_0 [clock_source 16.1]
Progress: Parameterizing module clk_0
Progress: Adding jtag_uart_0 [altera_avalon_jtag_uart 16.1]
Progress: Parameterizing module jtag_uart_0
Progress: Adding leds [altera_avalon_pio 16.1]
Progress: Parameterizing module leds
Progress: Adding nios2_qsys_0 [altera_nios2_qsys 16.1]
Progress: Parameterizing module nios2_qsys_0
Progress: Adding onchip_memory2_0 [altera_avalon_onchip_memory2 16.1]
Progress: Parameterizing module onchip_memory2_0
Progress: Adding switches [altera_avalon_pio 16.1]
Progress: Parameterizing module switches
Progress: Adding timer_0 [altera_avalon_timer 16.1]
Progress: Parameterizing module timer_0
Progress: Adding uart_0 [altera_avalon_uart 16.1]
Progress: Parameterizing module uart_0
Progress: Building connections
Progress: Parameterizing connections
Progress: Validating
Progress: Done reading input file
Info: nios.jtag_uart_0: JTAG UART IP input clock need to be at least double (2x) the operating frequency of JTAG TCK on board
Warning: nios.nios2_qsys_0: Nios II Classic cores are no longer recommended for new projects
Info: nios.switches: PIO inputs are not hardwired in test bench. Undefined values will be read from PIO inputs during simulation.
Info: qsys-generate succeeded.
Info: Finished: Create block symbol file (.bsf)
Info: 
Info: Starting: Create HDL design files for synthesis
Info: qsys-generate Z:\repos\HWSW\project\nios.qsys --synthesis=VERILOG --output-directory=Z:\repos\HWSW\project\nios\synthesis --family="Cyclone V" --part=5CSEMA5F31C6
Progress: Loading project/nios.qsys
Progress: Reading input file
Progress: Adding clk_0 [clock_source 16.1]
Progress: Parameterizing module clk_0
Progress: Adding jtag_uart_0 [altera_avalon_jtag_uart 16.1]
Progress: Parameterizing module jtag_uart_0
Progress: Adding leds [altera_avalon_pio 16.1]
Progress: Parameterizing module leds
Progress: Adding nios2_qsys_0 [altera_nios2_qsys 16.1]
Progress: Parameterizing module nios2_qsys_0
Progress: Adding onchip_memory2_0 [altera_avalon_onchip_memory2 16.1]
Progress: Parameterizing module onchip_memory2_0
Progress: Adding switches [altera_avalon_pio 16.1]
Progress: Parameterizing module switches
Progress: Adding timer_0 [altera_avalon_timer 16.1]
Progress: Parameterizing module timer_0
Progress: Adding uart_0 [altera_avalon_uart 16.1]
Progress: Parameterizing module uart_0
Progress: Building connections
Progress: Parameterizing connections
Progress: Validating
Progress: Done reading input file
Info: nios.jtag_uart_0: JTAG UART IP input clock need to be at least double (2x) the operating frequency of JTAG TCK on board
Warning: nios.nios2_qsys_0: Nios II Classic cores are no longer recommended for new projects
Info: nios.switches: PIO inputs are not hardwired in test bench. Undefined values will be read from PIO inputs during simulation.
Info: nios: Generating nios "nios" for QUARTUS_SYNTH
Info: jtag_uart_0: Starting RTL generation for module 'nios_jtag_uart_0'
Info: jtag_uart_0:   Generation command is [exec C:/intelfpga_lite/16.1/quartus/bin64/perl/bin/perl.exe -I C:/intelfpga_lite/16.1/quartus/bin64/perl/lib -I C:/intelfpga_lite/16.1/quartus/sopc_builder/bin/europa -I C:/intelfpga_lite/16.1/quartus/sopc_builder/bin/perl_lib -I C:/intelfpga_lite/16.1/quartus/sopc_builder/bin -I C:/intelfpga_lite/16.1/quartus/../ip/altera/sopc_builder_ip/common -I C:/intelfpga_lite/16.1/quartus/../ip/altera/sopc_builder_ip/altera_avalon_jtag_uart -- C:/intelfpga_lite/16.1/quartus/../ip/altera/sopc_builder_ip/altera_avalon_jtag_uart/generate_rtl.pl --name=nios_jtag_uart_0 --dir=C:/Users/joren/AppData/Local/Temp/alt8065_2104462144387316910.dir/0001_jtag_uart_0_gen/ --quartus_dir=C:/intelfpga_lite/16.1/quartus --verilog --config=C:/Users/joren/AppData/Local/Temp/alt8065_2104462144387316910.dir/0001_jtag_uart_0_gen//nios_jtag_uart_0_component_configuration.pl  --do_build_sim=0  ]
Info: jtag_uart_0: Done RTL generation for module 'nios_jtag_uart_0'
Info: jtag_uart_0: "nios" instantiated altera_avalon_jtag_uart "jtag_uart_0"
Info: leds: Starting RTL generation for module 'nios_leds'
Info: leds:   Generation command is [exec C:/intelfpga_lite/16.1/quartus/bin64/perl/bin/perl.exe -I C:/intelfpga_lite/16.1/quartus/bin64/perl/lib -I C:/intelfpga_lite/16.1/quartus/sopc_builder/bin/europa -I C:/intelfpga_lite/16.1/quartus/sopc_builder/bin/perl_lib -I C:/intelfpga_lite/16.1/quartus/sopc_builder/bin -I C:/intelfpga_lite/16.1/quartus/../ip/altera/sopc_builder_ip/common -I C:/intelfpga_lite/16.1/quartus/../ip/altera/sopc_builder_ip/altera_avalon_pio -- C:/intelfpga_lite/16.1/quartus/../ip/altera/sopc_builder_ip/altera_avalon_pio/generate_rtl.pl --name=nios_leds --dir=C:/Users/joren/AppData/Local/Temp/alt8065_2104462144387316910.dir/0002_leds_gen/ --quartus_dir=C:/intelfpga_lite/16.1/quartus --verilog --config=C:/Users/joren/AppData/Local/Temp/alt8065_2104462144387316910.dir/0002_leds_gen//nios_leds_component_configuration.pl  --do_build_sim=0  ]
Info: leds: Done RTL generation for module 'nios_leds'
Info: leds: "nios" instantiated altera_avalon_pio "leds"
Info: nios2_qsys_0: Starting RTL generation for module 'nios_nios2_qsys_0'
Info: nios2_qsys_0:   Generation command is [exec C:/intelfpga_lite/16.1/quartus/bin64/eperlcmd.exe -I C:/intelfpga_lite/16.1/quartus/bin64/perl/lib -I C:/intelfpga_lite/16.1/quartus/sopc_builder/bin/europa -I C:/intelfpga_lite/16.1/quartus/sopc_builder/bin/perl_lib -I C:/intelfpga_lite/16.1/quartus/sopc_builder/bin -I C:/intelfpga_lite/16.1/quartus/../ip/altera/nios2_ip/altera_nios2/cpu_lib -I C:/intelfpga_lite/16.1/quartus/../ip/altera/nios2_ip/altera_nios2/nios_lib -I C:/intelfpga_lite/16.1/quartus/../ip/altera/nios2_ip/altera_nios2 -I C:/intelfpga_lite/16.1/quartus/../ip/altera/nios2_ip/altera_nios2 -- C:/intelfpga_lite/16.1/quartus/../ip/altera/nios2_ip/altera_nios2/generate_rtl.epl --name=nios_nios2_qsys_0 --dir=C:/Users/joren/AppData/Local/Temp/alt8065_2104462144387316910.dir/0003_nios2_qsys_0_gen/ --quartus_bindir=C:/intelfpga_lite/16.1/quartus/bin64 --verilog --config=C:/Users/joren/AppData/Local/Temp/alt8065_2104462144387316910.dir/0003_nios2_qsys_0_gen//nios_nios2_qsys_0_processor_configuration.pl  --do_build_sim=0  ]
Info: nios2_qsys_0: # 2019.06.18 10:59:01 (*) Starting Nios II generation
Info: nios2_qsys_0: # 2019.06.18 10:59:01 (*)   Checking for plaintext license.
Info: nios2_qsys_0: # 2019.06.18 10:59:02 (*)   Couldn't query license setup in Quartus directory C:/intelfpga_lite/16.1/quartus/bin64
Info: nios2_qsys_0: # 2019.06.18 10:59:02 (*)   Defaulting to contents of LM_LICENSE_FILE environment variable
Info: nios2_qsys_0: # 2019.06.18 10:59:02 (*)   LM_LICENSE_FILE environment variable is empty
Info: nios2_qsys_0: # 2019.06.18 10:59:02 (*)   Plaintext license not found.
Info: nios2_qsys_0: # 2019.06.18 10:59:02 (*)   Checking for encrypted license (non-evaluation).
Info: nios2_qsys_0: # 2019.06.18 10:59:02 (*)   Couldn't query license setup in Quartus directory C:/intelfpga_lite/16.1/quartus/bin64
Info: nios2_qsys_0: # 2019.06.18 10:59:02 (*)   Defaulting to contents of LM_LICENSE_FILE environment variable
Info: nios2_qsys_0: # 2019.06.18 10:59:02 (*)   LM_LICENSE_FILE environment variable is empty
Info: nios2_qsys_0: # 2019.06.18 10:59:02 (*)   Encrypted license not found.  Defaulting to OCP evaluation license (produces a time-limited SOF)
Info: nios2_qsys_0: # 2019.06.18 10:59:02 (*)   Elaborating CPU configuration settings
Info: nios2_qsys_0: # 2019.06.18 10:59:02 (*)   Creating all objects for CPU
Info: nios2_qsys_0: # 2019.06.18 10:59:02 (*)     Testbench
Info: nios2_qsys_0: # 2019.06.18 10:59:03 (*)     Instruction decoding
Info: nios2_qsys_0: # 2019.06.18 10:59:03 (*)       Instruction fields
Info: nios2_qsys_0: # 2019.06.18 10:59:03 (*)       Instruction decodes
Info: nios2_qsys_0: # 2019.06.18 10:59:03 (*)       Signals for RTL simulation waveforms
Info: nios2_qsys_0: # 2019.06.18 10:59:03 (*)       Instruction controls
Info: nios2_qsys_0: # 2019.06.18 10:59:03 (*)     Pipeline frontend
Info: nios2_qsys_0: # 2019.06.18 10:59:03 (*)     Pipeline backend
Info: nios2_qsys_0: # 2019.06.18 10:59:05 (*)   Generating RTL from CPU objects
Info: nios2_qsys_0: # 2019.06.18 10:59:08 (*)   Creating encrypted RTL
Info: nios2_qsys_0: # 2019.06.18 10:59:08 (*) Done Nios II generation
Info: nios2_qsys_0: Done RTL generation for module 'nios_nios2_qsys_0'
Info: nios2_qsys_0: "nios" instantiated altera_nios2_qsys "nios2_qsys_0"
Info: onchip_memory2_0: Starting RTL generation for module 'nios_onchip_memory2_0'
Info: onchip_memory2_0:   Generation command is [exec C:/intelfpga_lite/16.1/quartus/bin64/perl/bin/perl.exe -I C:/intelfpga_lite/16.1/quartus/bin64/perl/lib -I C:/intelfpga_lite/16.1/quartus/sopc_builder/bin/europa -I C:/intelfpga_lite/16.1/quartus/sopc_builder/bin/perl_lib -I C:/intelfpga_lite/16.1/quartus/sopc_builder/bin -I C:/intelfpga_lite/16.1/quartus/../ip/altera/sopc_builder_ip/common -I C:/intelfpga_lite/16.1/quartus/../ip/altera/sopc_builder_ip/altera_avalon_onchip_memory2 -- C:/intelfpga_lite/16.1/quartus/../ip/altera/sopc_builder_ip/altera_avalon_onchip_memory2/generate_rtl.pl --name=nios_onchip_memory2_0 --dir=C:/Users/joren/AppData/Local/Temp/alt8065_2104462144387316910.dir/0004_onchip_memory2_0_gen/ --quartus_dir=C:/intelfpga_lite/16.1/quartus --verilog --config=C:/Users/joren/AppData/Local/Temp/alt8065_2104462144387316910.dir/0004_onchip_memory2_0_gen//nios_onchip_memory2_0_component_configuration.pl  --do_build_sim=0  ]
Info: onchip_memory2_0: Done RTL generation for module 'nios_onchip_memory2_0'
Info: onchip_memory2_0: "nios" instantiated altera_avalon_onchip_memory2 "onchip_memory2_0"
Info: switches: Starting RTL generation for module 'nios_switches'
Info: switches:   Generation command is [exec C:/intelfpga_lite/16.1/quartus/bin64/perl/bin/perl.exe -I C:/intelfpga_lite/16.1/quartus/bin64/perl/lib -I C:/intelfpga_lite/16.1/quartus/sopc_builder/bin/europa -I C:/intelfpga_lite/16.1/quartus/sopc_builder/bin/perl_lib -I C:/intelfpga_lite/16.1/quartus/sopc_builder/bin -I C:/intelfpga_lite/16.1/quartus/../ip/altera/sopc_builder_ip/common -I C:/intelfpga_lite/16.1/quartus/../ip/altera/sopc_builder_ip/altera_avalon_pio -- C:/intelfpga_lite/16.1/quartus/../ip/altera/sopc_builder_ip/altera_avalon_pio/generate_rtl.pl --name=nios_switches --dir=C:/Users/joren/AppData/Local/Temp/alt8065_2104462144387316910.dir/0005_switches_gen/ --quartus_dir=C:/intelfpga_lite/16.1/quartus --verilog --config=C:/Users/joren/AppData/Local/Temp/alt8065_2104462144387316910.dir/0005_switches_gen//nios_switches_component_configuration.pl  --do_build_sim=0  ]
Info: switches: Done RTL generation for module 'nios_switches'
Info: switches: "nios" instantiated altera_avalon_pio "switches"
Info: timer_0: Starting RTL generation for module 'nios_timer_0'
Info: timer_0:   Generation command is [exec C:/intelFPGA_lite/16.1/quartus/bin64//perl/bin/perl.exe -I C:/intelFPGA_lite/16.1/quartus/bin64//perl/lib -I C:/intelfpga_lite/16.1/quartus/sopc_builder/bin/europa -I C:/intelfpga_lite/16.1/quartus/sopc_builder/bin/perl_lib -I C:/intelfpga_lite/16.1/quartus/sopc_builder/bin -I C:/intelfpga_lite/16.1/quartus/../ip/altera/sopc_builder_ip/common -I C:/intelfpga_lite/16.1/quartus/../ip/altera/sopc_builder_ip/altera_avalon_timer -- C:/intelfpga_lite/16.1/quartus/../ip/altera/sopc_builder_ip/altera_avalon_timer/generate_rtl.pl --name=nios_timer_0 --dir=C:/Users/joren/AppData/Local/Temp/alt8065_2104462144387316910.dir/0006_timer_0_gen/ --quartus_dir=C:/intelfpga_lite/16.1/quartus --verilog --config=C:/Users/joren/AppData/Local/Temp/alt8065_2104462144387316910.dir/0006_timer_0_gen//nios_timer_0_component_configuration.pl  --do_build_sim=0  ]
Info: timer_0: Done RTL generation for module 'nios_timer_0'
Info: timer_0: "nios" instantiated altera_avalon_timer "timer_0"
Info: uart_0: Starting RTL generation for module 'nios_uart_0'
Info: uart_0:   Generation command is [exec C:/intelfpga_lite/16.1/quartus/bin64/perl/bin/perl.exe -I C:/intelfpga_lite/16.1/quartus/bin64/perl/lib -I C:/intelfpga_lite/16.1/quartus/sopc_builder/bin/europa -I C:/intelfpga_lite/16.1/quartus/sopc_builder/bin/perl_lib -I C:/intelfpga_lite/16.1/quartus/sopc_builder/bin -I C:/intelfpga_lite/16.1/quartus/../ip/altera/sopc_builder_ip/common -I C:/intelfpga_lite/16.1/quartus/../ip/altera/sopc_builder_ip/altera_avalon_uart -- C:/intelfpga_lite/16.1/quartus/../ip/altera/sopc_builder_ip/altera_avalon_uart/generate_rtl.pl --name=nios_uart_0 --dir=C:/Users/joren/AppData/Local/Temp/alt8065_2104462144387316910.dir/0007_uart_0_gen/ --quartus_dir=C:/intelfpga_lite/16.1/quartus --verilog --config=C:/Users/joren/AppData/Local/Temp/alt8065_2104462144387316910.dir/0007_uart_0_gen//nios_uart_0_component_configuration.pl  --do_build_sim=0  ]
Info: uart_0: Done RTL generation for module 'nios_uart_0'
Info: uart_0: "nios" instantiated altera_avalon_uart "uart_0"
Info: avalon_st_adapter: Inserting error_adapter: error_adapter_0
Info: avalon_st_adapter_001: Inserting error_adapter: error_adapter_0
Info: avalon_st_adapter_002: Inserting error_adapter: error_adapter_0
Info: avalon_st_adapter_003: Inserting error_adapter: error_adapter_0
Info: avalon_st_adapter_004: Inserting error_adapter: error_adapter_0
Info: avalon_st_adapter_005: Inserting error_adapter: error_adapter_0
Info: avalon_st_adapter_006: Inserting error_adapter: error_adapter_0
Info: mm_interconnect_0: "nios" instantiated altera_mm_interconnect "mm_interconnect_0"
Info: irq_mapper: "nios" instantiated altera_irq_mapper "irq_mapper"
Info: rst_controller: "nios" instantiated altera_reset_controller "rst_controller"
Info: nios2_qsys_0_data_master_translator: "mm_interconnect_0" instantiated altera_merlin_master_translator "nios2_qsys_0_data_master_translator"
Info: jtag_uart_0_avalon_jtag_slave_translator: "mm_interconnect_0" instantiated altera_merlin_slave_translator "jtag_uart_0_avalon_jtag_slave_translator"
Info: nios2_qsys_0_data_master_agent: "mm_interconnect_0" instantiated altera_merlin_master_agent "nios2_qsys_0_data_master_agent"
Info: jtag_uart_0_avalon_jtag_slave_agent: "mm_interconnect_0" instantiated altera_merlin_slave_agent "jtag_uart_0_avalon_jtag_slave_agent"
Info: jtag_uart_0_avalon_jtag_slave_agent_rsp_fifo: "mm_interconnect_0" instantiated altera_avalon_sc_fifo "jtag_uart_0_avalon_jtag_slave_agent_rsp_fifo"
Info: router: "mm_interconnect_0" instantiated altera_merlin_router "router"
Info: router_001: "mm_interconnect_0" instantiated altera_merlin_router "router_001"
Info: router_002: "mm_interconnect_0" instantiated altera_merlin_router "router_002"
Info: router_007: "mm_interconnect_0" instantiated altera_merlin_router "router_007"
Info: nios2_qsys_0_data_master_limiter: "mm_interconnect_0" instantiated altera_merlin_traffic_limiter "nios2_qsys_0_data_master_limiter"
Info: Reusing file Z:/repos/HWSW/project/nios/synthesis/submodules/altera_avalon_sc_fifo.v
Info: cmd_demux: "mm_interconnect_0" instantiated altera_merlin_demultiplexer "cmd_demux"
Info: cmd_demux_001: "mm_interconnect_0" instantiated altera_merlin_demultiplexer "cmd_demux_001"
Info: cmd_mux: "mm_interconnect_0" instantiated altera_merlin_multiplexer "cmd_mux"
Info: cmd_mux_005: "mm_interconnect_0" instantiated altera_merlin_multiplexer "cmd_mux_005"
Info: Reusing file Z:/repos/HWSW/project/nios/synthesis/submodules/altera_merlin_arbitrator.sv
Info: rsp_demux: "mm_interconnect_0" instantiated altera_merlin_demultiplexer "rsp_demux"
Info: rsp_demux_005: "mm_interconnect_0" instantiated altera_merlin_demultiplexer "rsp_demux_005"
Info: rsp_mux: "mm_interconnect_0" instantiated altera_merlin_multiplexer "rsp_mux"
Info: Reusing file Z:/repos/HWSW/project/nios/synthesis/submodules/altera_merlin_arbitrator.sv
Info: rsp_mux_001: "mm_interconnect_0" instantiated altera_merlin_multiplexer "rsp_mux_001"
Info: Reusing file Z:/repos/HWSW/project/nios/synthesis/submodules/altera_merlin_arbitrator.sv
Info: avalon_st_adapter: "mm_interconnect_0" instantiated altera_avalon_st_adapter "avalon_st_adapter"
Info: error_adapter_0: "avalon_st_adapter" instantiated error_adapter "error_adapter_0"
Info: nios: Done "nios" with 31 modules, 52 files
Info: qsys-generate succeeded.
Info: Finished: Create HDL design files for synthesis
